CMakeFiles/subscriber_test.dir/src/subscriber_test.cpp.o: In function `hedgePosAngCallback(marvelmind_nav::hedge_pos_ang_<std::allocator<void> > const&)':
subscriber_test.cpp:(.text+0x29e): undefined reference to `ros::console::initializeLogLocation(ros::console::LogLocation*, std::string const&, ros::console::levels::Level)'
CMakeFiles/subscriber_test.dir/src/subscriber_test.cpp.o: In function `beaconsPosCallback(marvelmind_nav::beacon_pos_a_<std::allocator<void> > const&)':
subscriber_test.cpp:(.text+0x466): undefined reference to `ros::console::initializeLogLocation(ros::console::LogLocation*, std::string const&, ros::console::levels::Level)'
CMakeFiles/subscriber_test.dir/src/subscriber_test.cpp.o: In function `IMURawCallback(marvelmind_nav::hedge_imu_raw_<std::allocator<void> > const&)':
subscriber_test.cpp:(.text+0x5fc): undefined reference to `ros::console::initializeLogLocation(ros::console::LogLocation*, std::string const&, ros::console::levels::Level)'
CMakeFiles/subscriber_test.dir/src/subscriber_test.cpp.o: In function `IMUFusionCallback(marvelmind_nav::hedge_imu_fusion_<std::allocator<void> > const&)':
subscriber_test.cpp:(.text+0x78a): undefined reference to `ros::console::initializeLogLocation(ros::console::LogLocation*, std::string const&, ros::console::levels::Level)'
CMakeFiles/subscriber_test.dir/src/subscriber_test.cpp.o: In function `RawDistanceCallback(marvelmind_nav::beacon_distance_<std::allocator<void> > const&)':
subscriber_test.cpp:(.text+0x9fa): undefined reference to `ros::console::initializeLogLocation(ros::console::LogLocation*, std::string const&, ros::console::levels::Level)'
CMakeFiles/subscriber_test.dir/src/subscriber_test.cpp.o: In function `main':
subscriber_test.cpp:(.text+0xb14): undefined reference to `ros::init(int&, char**, std::string const&, unsigned int)'
subscriber_test.cpp:(.text+0xb52): undefined reference to `ros::NodeHandle::NodeHandle(std::string const&, std::map<std::string, std::string, std::less<std::string>, std::allocator<std::pair<std::string const, std::string> > > const&)'
CMakeFiles/subscriber_test.dir/src/subscriber_test.cpp.o: In function `void ros::Publisher::publish<visualization_msgs::Marker_<std::allocator<void> > >(visualization_msgs::Marker_<std::allocator<void> > const&) const':
subscriber_test.cpp:(.text._ZNK3ros9Publisher7publishIN18visualization_msgs7Marker_ISaIvEEEEEvRKT_[_ZNK3ros9Publisher7publishIN18visualization_msgs7Marker_ISaIvEEEEEvRKT_]+0x7a): undefined reference to `ros::console::initializeLogLocation(ros::console::LogLocation*, std::string const&, ros::console::levels::Level)'
subscriber_test.cpp:(.text._ZNK3ros9Publisher7publishIN18visualization_msgs7Marker_ISaIvEEEEEvRKT_[_ZNK3ros9Publisher7publishIN18visualization_msgs7Marker_ISaIvEEEEEvRKT_]+0x186): undefined reference to `ros::console::initializeLogLocation(ros::console::LogLocation*, std::string const&, ros::console::levels::Level)'
subscriber_test.cpp:(.text._ZNK3ros9Publisher7publishIN18visualization_msgs7Marker_ISaIvEEEEEvRKT_[_ZNK3ros9Publisher7publishIN18visualization_msgs7Marker_ISaIvEEEEEvRKT_]+0x27a): undefined reference to `ros::console::initializeLogLocation(ros::console::LogLocation*, std::string const&, ros::console::levels::Level)'
subscriber_test.cpp:(.text._ZNK3ros9Publisher7publishIN18visualization_msgs7Marker_ISaIvEEEEEvRKT_[_ZNK3ros9Publisher7publishIN18visualization_msgs7Marker_ISaIvEEEEEvRKT_]+0x390): undefined reference to `ros::console::initializeLogLocation(ros::console::LogLocation*, std::string const&, ros::console::levels::Level)'
subscriber_test.cpp:(.text._ZNK3ros9Publisher7publishIN18visualization_msgs7Marker_ISaIvEEEEEvRKT_[_ZNK3ros9Publisher7publishIN18visualization_msgs7Marker_ISaIvEEEEEvRKT_]+0x49c): undefined reference to `ros::console::initializeLogLocation(ros::console::LogLocation*, std::string const&, ros::console::levels::Level)'
CMakeFiles/subscriber_test.dir/src/subscriber_test.cpp.o:subscriber_test.cpp:(.text._ZNK3ros9Publisher7publishIN18visualization_msgs7Marker_ISaIvEEEEEvRKT_[_ZNK3ros9Publisher7publishIN18visualization_msgs7Marker_ISaIvEEEEEvRKT_]+0x5a8): more undefined references to `ros::console::initializeLogLocation(ros::console::LogLocation*, std::string const&, ros::console::levels::Level)' follow
collect2: error: ld returned 1 exit status
make[2]: *** [/home/odroid/barc/workspace/devel/.private/marvelmind_nav/lib/marvelmind_nav/subscriber_test] Error 1
make[1]: *** [CMakeFiles/subscriber_test.dir/all] Error 2
make[1]: *** Waiting for unfinished jobs....
CMakeFiles/hedge_rcv_bin.dir/src/hedge_rcv_bin.cpp.o: In function `hedgeReceivePrepare(int, char**)':
hedge_rcv_bin.cpp:(.text+0xb8): undefined reference to `ros::console::initializeLogLocation(ros::console::LogLocation*, std::string const&, ros::console::levels::Level)'
CMakeFiles/hedge_rcv_bin.dir/src/hedge_rcv_bin.cpp.o: In function `main':
hedge_rcv_bin.cpp:(.text+0xa00): undefined reference to `ros::init(int&, char**, std::string const&, unsigned int)'
hedge_rcv_bin.cpp:(.text+0xa68): undefined reference to `ros::NodeHandle::NodeHandle(std::string const&, std::map<std::string, std::string, std::less<std::string>, std::allocator<std::pair<std::string const, std::string> > > const&)'
hedge_rcv_bin.cpp:(.text+0xf02): undefined reference to `ros::console::initializeLogLocation(ros::console::LogLocation*, std::string const&, ros::console::levels::Level)'
hedge_rcv_bin.cpp:(.text+0x1048): undefined reference to `ros::console::initializeLogLocation(ros::console::LogLocation*, std::string const&, ros::console::levels::Level)'
hedge_rcv_bin.cpp:(.text+0x123c): undefined reference to `ros::console::initializeLogLocation(ros::console::LogLocation*, std::string const&, ros::console::levels::Level)'
hedge_rcv_bin.cpp:(.text+0x13c8): undefined reference to `ros::console::initializeLogLocation(ros::console::LogLocation*, std::string const&, ros::console::levels::Level)'
hedge_rcv_bin.cpp:(.text+0x1582): undefined reference to `ros::console::initializeLogLocation(ros::console::LogLocation*, std::string const&, ros::console::levels::Level)'
CMakeFiles/hedge_rcv_bin.dir/src/hedge_rcv_bin.cpp.o:hedge_rcv_bin.cpp:(.text+0x180a): more undefined references to `ros::console::initializeLogLocation(ros::console::LogLocation*, std::string const&, ros::console::levels::Level)' follow
collect2: error: ld returned 1 exit status
make[2]: *** [/home/odroid/barc/workspace/devel/.private/marvelmind_nav/lib/marvelmind_nav/hedge_rcv_bin] Error 1
make[1]: *** [CMakeFiles/hedge_rcv_bin.dir/all] Error 2
make: *** [all] Error 2
